<?xml version="1.0" encoding="UTF-8"?>
<testsuite name="org.therestaurant.tweb.jpa.JpaApplicationTests" tests="1" skipped="0" failures="0" errors="0" timestamp="2021-01-21T17:39:06" hostname="N552VX" time="0.136">
  <properties/>
  <testcase name="contextLoads()" classname="org.therestaurant.tweb.jpa.JpaApplicationTests" time="0.136"/>
  <system-out><![CDATA[17:39:02.781 [Test worker] DEBUG org.springframework.test.context.BootstrapUtils - Instantiating CacheAwareContextLoaderDelegate from class [org.springframework.test.context.cache.DefaultCacheAwareContextLoaderDelegate]
17:39:02.792 [Test worker] DEBUG org.springframework.test.context.BootstrapUtils - Instantiating BootstrapContext using constructor [public org.springframework.test.context.support.DefaultBootstrapContext(java.lang.Class,org.springframework.test.context.CacheAwareContextLoaderDelegate)]
17:39:02.824 [Test worker] DEBUG org.springframework.test.context.BootstrapUtils - Instantiating TestContextBootstrapper for test class [org.therestaurant.tweb.jpa.JpaApplicationTests] from class [org.springframework.boot.test.context.SpringBootTestContextBootstrapper]
17:39:02.834 [Test worker] INFO org.springframework.boot.test.context.SpringBootTestContextBootstrapper - Neither @ContextConfiguration nor @ContextHierarchy found for test class [org.therestaurant.tweb.jpa.JpaApplicationTests], using SpringBootContextLoader
17:39:02.838 [Test worker] DEBUG org.springframework.test.context.support.AbstractContextLoader - Did not detect default resource location for test class [org.therestaurant.tweb.jpa.JpaApplicationTests]: class path resource [org/therestaurant/tweb/jpa/JpaApplicationTests-context.xml] does not exist
17:39:02.839 [Test worker] DEBUG org.springframework.test.context.support.AbstractContextLoader - Did not detect default resource location for test class [org.therestaurant.tweb.jpa.JpaApplicationTests]: class path resource [org/therestaurant/tweb/jpa/JpaApplicationTestsContext.groovy] does not exist
17:39:02.840 [Test worker] INFO org.springframework.test.context.support.AbstractContextLoader - Could not detect default resource locations for test class [org.therestaurant.tweb.jpa.JpaApplicationTests]: no resource found for suffixes {-context.xml, Context.groovy}.
17:39:02.841 [Test worker] INFO org.springframework.test.context.support.AnnotationConfigContextLoaderUtils - Could not detect default configuration classes for test class [org.therestaurant.tweb.jpa.JpaApplicationTests]: JpaApplicationTests does not declare any static, non-private, non-final, nested classes annotated with @Configuration.
17:39:02.886 [Test worker] DEBUG org.springframework.test.context.support.ActiveProfilesUtils - Could not find an 'annotation declaring class' for annotation type [org.springframework.test.context.ActiveProfiles] and class [org.therestaurant.tweb.jpa.JpaApplicationTests]
17:39:02.959 [Test worker] DEBUG org.springframework.context.annotation.ClassPathScanningCandidateComponentProvider - Identified candidate component class: file [/home/marcelo/java/the-restaurant-jpa/build/classes/java/main/org/therestaurant/tweb/jpa/TheRestaurantJpaApplication.class]
17:39:02.960 [Test worker] INFO org.springframework.boot.test.context.SpringBootTestContextBootstrapper - Found @SpringBootConfiguration org.therestaurant.tweb.jpa.TheRestaurantJpaApplication for test class org.therestaurant.tweb.jpa.JpaApplicationTests
17:39:03.033 [Test worker] DEBUG org.springframework.boot.test.context.SpringBootTestContextBootstrapper - @TestExecutionListeners is not present for class [org.therestaurant.tweb.jpa.JpaApplicationTests]: using defaults.
17:39:03.033 [Test worker] INFO org.springframework.boot.test.context.SpringBootTestContextBootstrapper - Loaded default TestExecutionListener class names from location [META-INF/spring.factories]: [org.springframework.boot.test.autoconfigure.restdocs.RestDocsTestExecutionListener, org.springframework.boot.test.autoconfigure.web.client.MockRestServiceServerResetTestExecutionListener, org.springframework.boot.test.autoconfigure.web.servlet.MockMvcPrintOnlyOnFailureTestExecutionListener, org.springframework.boot.test.autoconfigure.web.servlet.WebDriverTestExecutionListener, org.springframework.boot.test.autoconfigure.webservices.client.MockWebServiceServerTestExecutionListener, org.springframework.boot.test.mock.mockito.MockitoTestExecutionListener, org.springframework.boot.test.mock.mockito.ResetMocksTestExecutionListener, org.springframework.test.context.web.ServletTestExecutionListener, org.springframework.test.context.support.DirtiesContextBeforeModesTestExecutionListener, org.springframework.test.context.support.DependencyInjectionTestExecutionListener, org.springframework.test.context.support.DirtiesContextTestExecutionListener, org.springframework.test.context.transaction.TransactionalTestExecutionListener, org.springframework.test.context.jdbc.SqlScriptsTestExecutionListener, org.springframework.test.context.event.EventPublishingTestExecutionListener]
17:39:03.046 [Test worker] INFO org.springframework.boot.test.context.SpringBootTestContextBootstrapper - Using TestExecutionListeners: [org.springframework.test.context.web.ServletTestExecutionListener@42e9afae, org.springframework.test.context.support.DirtiesContextBeforeModesTestExecutionListener@41a38fe2, org.springframework.boot.test.mock.mockito.MockitoTestExecutionListener@187111b2, org.springframework.boot.test.autoconfigure.SpringBootDependencyInjectionTestExecutionListener@4871efbe, org.springframework.test.context.support.DirtiesContextTestExecutionListener@476aadc1, org.springframework.test.context.transaction.TransactionalTestExecutionListener@1a6bf651, org.springframework.test.context.jdbc.SqlScriptsTestExecutionListener@a07882f, org.springframework.test.context.event.EventPublishingTestExecutionListener@4dcc8ace, org.springframework.boot.test.autoconfigure.restdocs.RestDocsTestExecutionListener@5f5a2213, org.springframework.boot.test.autoconfigure.web.client.MockRestServiceServerResetTestExecutionListener@1ac69ed7, org.springframework.boot.test.autoconfigure.web.servlet.MockMvcPrintOnlyOnFailureTestExecutionListener@2c363b50, org.springframework.boot.test.autoconfigure.web.servlet.WebDriverTestExecutionListener@5855ee2, org.springframework.boot.test.autoconfigure.webservices.client.MockWebServiceServerTestExecutionListener@bc1aefb, org.springframework.boot.test.mock.mockito.ResetMocksTestExecutionListener@255fb972]
17:39:03.048 [Test worker] DEBUG org.springframework.test.context.support.AbstractDirtiesContextTestExecutionListener - Before test class: context [DefaultTestContext@53afcd3a testClass = JpaApplicationTests, testInstance = [null], testMethod = [null], testException = [null], mergedContextConfiguration = [WebMergedContextConfiguration@16482ccb testClass = JpaApplicationTests, locations = '{}', classes = '{class org.therestaurant.tweb.jpa.TheRestaurantJpaApplication}', contextInitializerClasses = '[]', activeProfiles = '{}', propertySourceLocations = '{}', propertySourceProperties = '{org.springframework.boot.test.context.SpringBootTestContextBootstrapper=true}', contextCustomizers = set[org.springframework.boot.test.autoconfigure.actuate.metrics.MetricsExportContextCustomizerFactory$DisableMetricExportContextCustomizer@6235409, org.springframework.boot.test.autoconfigure.properties.PropertyMappingContextCustomizer@0, org.springframework.boot.test.autoconfigure.web.servlet.WebDriverContextCustomizerFactory$Customizer@26ab3b1e, org.springframework.boot.test.context.filter.ExcludeFilterContextCustomizer@21323327, org.springframework.boot.test.json.DuplicateJsonObjectContextCustomizerFactory$DuplicateJsonObjectContextCustomizer@1cc950b0, org.springframework.boot.test.mock.mockito.MockitoContextCustomizer@0, org.springframework.boot.test.web.client.TestRestTemplateContextCustomizer@473e47c6, org.springframework.boot.test.context.SpringBootTestArgs@1, org.springframework.boot.test.context.SpringBootTestWebEnvironment@4e04e931], resourceBasePath = 'src/main/webapp', contextLoader = 'org.springframework.boot.test.context.SpringBootContextLoader', parent = [null]], attributes = map['org.springframework.test.context.web.ServletTestExecutionListener.activateListener' -> true]], class annotated with @DirtiesContext [false] with mode [null].
17:39:03.076 [Test worker] DEBUG org.springframework.test.context.support.TestPropertySourceUtils - Adding inlined properties to environment: {spring.jmx.enabled=false, org.springframework.boot.test.context.SpringBootTestContextBootstrapper=true}

  .   ____          _            __ _ _
 /\\ / ___'_ __ _ _(_)_ __  __ _ \ \ \ \
( ( )\___ | '_ | '_| | '_ \/ _` | \ \ \ \
 \\/  ___)| |_)| | | | | || (_| |  ) ) ) )
  '  |____| .__|_| |_|_| |_\__, | / / / /
 =========|_|==============|___/=/_/_/_/
 :: Spring Boot ::                (v2.4.1)

2021-01-21 17:39:03.314  INFO 10839 --- [    Test worker] o.t.tweb.jpa.JpaApplicationTests         : Starting JpaApplicationTests using Java 14.0.2 on N552VX with PID 10839 (started by marcelo in /home/marcelo/java/the-restaurant-jpa)
2021-01-21 17:39:03.318  INFO 10839 --- [    Test worker] o.t.tweb.jpa.JpaApplicationTests         : No active profile set, falling back to default profiles: default
2021-01-21 17:39:04.034  INFO 10839 --- [    Test worker] .s.d.r.c.RepositoryConfigurationDelegate : Bootstrapping Spring Data JPA repositories in DEFAULT mode.
2021-01-21 17:39:04.084  INFO 10839 --- [    Test worker] .s.d.r.c.RepositoryConfigurationDelegate : Finished Spring Data repository scanning in 43 ms. Found 2 JPA repository interfaces.
2021-01-21 17:39:04.640  INFO 10839 --- [    Test worker] o.hibernate.jpa.internal.util.LogHelper  : HHH000204: Processing PersistenceUnitInfo [name: default]
2021-01-21 17:39:04.699  INFO 10839 --- [    Test worker] org.hibernate.Version                    : HHH000412: Hibernate ORM core version 5.4.25.Final
2021-01-21 17:39:04.814  INFO 10839 --- [    Test worker] o.hibernate.annotations.common.Version   : HCANN000001: Hibernate Commons Annotations {5.1.2.Final}
2021-01-21 17:39:04.896  INFO 10839 --- [    Test worker] com.zaxxer.hikari.HikariDataSource       : HikariPool-1 - Starting...
2021-01-21 17:39:05.056  INFO 10839 --- [    Test worker] com.zaxxer.hikari.HikariDataSource       : HikariPool-1 - Start completed.
2021-01-21 17:39:05.068  INFO 10839 --- [    Test worker] org.hibernate.dialect.Dialect            : HHH000400: Using dialect: org.hibernate.dialect.H2Dialect
2021-01-21 17:39:05.665  INFO 10839 --- [    Test worker] o.h.e.t.j.p.i.JtaPlatformInitiator       : HHH000490: Using JtaPlatform implementation: [org.hibernate.engine.transaction.jta.platform.internal.NoJtaPlatform]
2021-01-21 17:39:05.673  INFO 10839 --- [    Test worker] j.LocalContainerEntityManagerFactoryBean : Initialized JPA EntityManagerFactory for persistence unit 'default'
2021-01-21 17:39:06.266  WARN 10839 --- [    Test worker] JpaBaseConfiguration$JpaWebConfiguration : spring.jpa.open-in-view is enabled by default. Therefore, database queries may be performed during view rendering. Explicitly configure spring.jpa.open-in-view to disable this warning
2021-01-21 17:39:06.469  INFO 10839 --- [    Test worker] o.s.s.concurrent.ThreadPoolTaskExecutor  : Initializing ExecutorService 'applicationTaskExecutor'
2021-01-21 17:39:06.567  INFO 10839 --- [    Test worker] o.s.b.a.w.s.WelcomePageHandlerMapping    : Adding welcome page: URL [file:src/main/resources/static/index.html]
2021-01-21 17:39:06.884  INFO 10839 --- [    Test worker] o.t.tweb.jpa.JpaApplicationTests         : Started JpaApplicationTests in 3.803 seconds (JVM running for 4.75)
]]></system-out>
  <system-err><![CDATA[]]></system-err>
</testsuite>
